<?xml version="1.0" encoding="UTF-8"?>
<testng-results skipped="4" failed="0" total="11" passed="7">
  <reporter-output>
  </reporter-output>
  <suite name="Instant Home test automation suite" duration-ms="131001" started-at="2020-01-29T09:37:11Z" finished-at="2020-01-29T09:39:22Z">
    <groups>
    </groups>
    <test name=" InstantHome Regression suite " duration-ms="131001" started-at="2020-01-29T09:37:11Z" finished-at="2020-01-29T09:39:22Z">
      <class name="com.qa.ihm.tests.LoginPageTest">
        <test-method status="PASS" signature="setUp()[pri:0, instance:com.qa.ihm.tests.LoginPageTest@123f1134]" name="setUp" is-config="true" duration-ms="20251" started-at="2020-01-29T15:07:29Z" finished-at="2020-01-29T15:07:50Z">
          <reporter-output>
          </reporter-output>
        </test-method> <!-- setUp -->
        <test-method status="PASS" signature="verifyLoginlinkTest()[pri:0, instance:com.qa.ihm.tests.LoginPageTest@123f1134]" name="verifyLoginlinkTest" duration-ms="102" started-at="2020-01-29T15:07:50Z" finished-at="2020-01-29T15:07:50Z">
          <reporter-output>
          </reporter-output>
        </test-method> <!-- verifyLoginlinkTest -->
        <test-method status="PASS" signature="ContinuewithPhnTest()[pri:0, instance:com.qa.ihm.tests.LoginPageTest@123f1134]" name="ContinuewithPhnTest" duration-ms="191" started-at="2020-01-29T15:08:06Z" finished-at="2020-01-29T15:08:06Z">
          <reporter-output>
          </reporter-output>
        </test-method> <!-- ContinuewithPhnTest -->
        <test-method status="PASS" signature="loginTest()[pri:0, instance:com.qa.ihm.tests.LoginPageTest@123f1134]" name="loginTest" duration-ms="277" started-at="2020-01-29T15:08:22Z" finished-at="2020-01-29T15:08:22Z">
          <reporter-output>
          </reporter-output>
        </test-method> <!-- loginTest -->
        <test-method status="PASS" signature="TearDown()[pri:0, instance:com.qa.ihm.tests.LoginPageTest@123f1134]" name="TearDown" is-config="true" duration-ms="1" started-at="2020-01-29T15:08:22Z" finished-at="2020-01-29T15:08:22Z">
          <reporter-output>
          </reporter-output>
        </test-method> <!-- TearDown -->
      </class> <!-- com.qa.ihm.tests.LoginPageTest -->
      <class name="com.qa.ihm.tests.HomePageTest">
        <test-method status="PASS" signature="setUp()[pri:0, instance:com.qa.ihm.tests.HomePageTest@2ed0fbae]" name="setUp" is-config="true" duration-ms="17191" started-at="2020-01-29T15:07:11Z" finished-at="2020-01-29T15:07:28Z">
          <reporter-output>
          </reporter-output>
        </test-method> <!-- setUp -->
        <test-method status="PASS" signature="findhomebtnTest()[pri:0, instance:com.qa.ihm.tests.HomePageTest@2ed0fbae]" name="findhomebtnTest" duration-ms="182" started-at="2020-01-29T15:07:28Z" finished-at="2020-01-29T15:07:29Z">
          <reporter-output>
          </reporter-output>
        </test-method> <!-- findhomebtnTest -->
        <test-method status="PASS" signature="TearDown()[pri:0, instance:com.qa.ihm.tests.HomePageTest@2ed0fbae]" name="TearDown" is-config="true" duration-ms="763" started-at="2020-01-29T15:07:29Z" finished-at="2020-01-29T15:07:29Z">
          <reporter-output>
          </reporter-output>
        </test-method> <!-- TearDown -->
        <test-method status="PASS" signature="setUp()[pri:0, instance:com.qa.ihm.tests.HomePageTest@2ed0fbae]" name="setUp" is-config="true" duration-ms="15143" started-at="2020-01-29T15:07:50Z" finished-at="2020-01-29T15:08:05Z">
          <reporter-output>
          </reporter-output>
        </test-method> <!-- setUp -->
        <test-method status="PASS" signature="homebtnclickTest()[pri:0, instance:com.qa.ihm.tests.HomePageTest@2ed0fbae]" name="homebtnclickTest" duration-ms="413" started-at="2020-01-29T15:08:05Z" finished-at="2020-01-29T15:08:05Z">
          <reporter-output>
          </reporter-output>
        </test-method> <!-- homebtnclickTest -->
        <test-method status="PASS" signature="TearDown()[pri:0, instance:com.qa.ihm.tests.HomePageTest@2ed0fbae]" name="TearDown" is-config="true" duration-ms="881" started-at="2020-01-29T15:08:05Z" finished-at="2020-01-29T15:08:06Z">
          <reporter-output>
          </reporter-output>
        </test-method> <!-- TearDown -->
        <test-method status="PASS" signature="setUp()[pri:0, instance:com.qa.ihm.tests.HomePageTest@2ed0fbae]" name="setUp" is-config="true" duration-ms="14920" started-at="2020-01-29T15:08:06Z" finished-at="2020-01-29T15:08:21Z">
          <reporter-output>
          </reporter-output>
        </test-method> <!-- setUp -->
        <test-method status="PASS" signature="findbuybtnTest()[pri:0, instance:com.qa.ihm.tests.HomePageTest@2ed0fbae]" name="findbuybtnTest" duration-ms="232" started-at="2020-01-29T15:08:21Z" finished-at="2020-01-29T15:08:21Z">
          <reporter-output>
          </reporter-output>
        </test-method> <!-- findbuybtnTest -->
        <test-method status="PASS" signature="TearDown()[pri:0, instance:com.qa.ihm.tests.HomePageTest@2ed0fbae]" name="TearDown" is-config="true" duration-ms="727" started-at="2020-01-29T15:08:21Z" finished-at="2020-01-29T15:08:22Z">
          <reporter-output>
          </reporter-output>
        </test-method> <!-- TearDown -->
        <test-method status="PASS" signature="setUp()[pri:0, instance:com.qa.ihm.tests.HomePageTest@2ed0fbae]" name="setUp" is-config="true" duration-ms="14494" started-at="2020-01-29T15:08:22Z" finished-at="2020-01-29T15:08:37Z">
          <reporter-output>
          </reporter-output>
        </test-method> <!-- setUp -->
        <test-method status="PASS" signature="buybtnclickTest()[pri:0, instance:com.qa.ihm.tests.HomePageTest@2ed0fbae]" name="buybtnclickTest" duration-ms="349" started-at="2020-01-29T15:08:37Z" finished-at="2020-01-29T15:08:37Z">
          <reporter-output>
          </reporter-output>
        </test-method> <!-- buybtnclickTest -->
        <test-method status="PASS" signature="TearDown()[pri:0, instance:com.qa.ihm.tests.HomePageTest@2ed0fbae]" name="TearDown" is-config="true" duration-ms="883" started-at="2020-01-29T15:08:37Z" finished-at="2020-01-29T15:08:38Z">
          <reporter-output>
          </reporter-output>
        </test-method> <!-- TearDown -->
        <test-method status="FAIL" signature="setUp()[pri:0, instance:com.qa.ihm.tests.HomePageTest@2ed0fbae]" name="setUp" is-config="true" duration-ms="0" started-at="2020-01-29T15:08:38Z" finished-at="2020-01-29T15:08:38Z">
          <exception class="org.openqa.selenium.WebDriverException">
            <message>
              <![CDATA[chrome not reachable
  (Session info: chrome=79.0.3945.130)
Build info: version: '3.141.59', revision: 'e82be7d358', time: '2018-11-14T08:17:03'
System info: host: 'BLUETIE-TESTER-', ip: '10.1.2.42', os.name: 'Windows 10', os.arch: 'amd64', os.version: '10.0', java.version: '1.8.0_141'
Driver info: org.openqa.selenium.chrome.ChromeDriver
Capabilities {acceptInsecureCerts: false, browserName: chrome, browserVersion: 79.0.3945.130, chrome: {chromedriverVersion: 79.0.3945.36 (3582db32b3389..., userDataDir: C:\Users\BLUETI~1\AppData\L...}, goog:chromeOptions: {debuggerAddress: localhost:58465}, javascriptEnabled: true, networkConnectionEnabled: false, pageLoadStrategy: normal, platform: WINDOWS, platformName: WINDOWS, proxy: Proxy(), setWindowRect: true, strictFileInteractability: false, timeouts: {implicit: 0, pageLoad: 300000, script: 30000}, unhandledPromptBehavior: dismiss and notify}
Session ID: 3e694134910fd57b74af1e936f2158a8]]>
            </message>
            <full-stacktrace>
              <![CDATA[org.openqa.selenium.WebDriverException: chrome not reachable
  (Session info: chrome=79.0.3945.130)
Build info: version: '3.141.59', revision: 'e82be7d358', time: '2018-11-14T08:17:03'
System info: host: 'BLUETIE-TESTER-', ip: '10.1.2.42', os.name: 'Windows 10', os.arch: 'amd64', os.version: '10.0', java.version: '1.8.0_141'
Driver info: org.openqa.selenium.chrome.ChromeDriver
Capabilities {acceptInsecureCerts: false, browserName: chrome, browserVersion: 79.0.3945.130, chrome: {chromedriverVersion: 79.0.3945.36 (3582db32b3389..., userDataDir: C:\Users\BLUETI~1\AppData\L...}, goog:chromeOptions: {debuggerAddress: localhost:58465}, javascriptEnabled: true, networkConnectionEnabled: false, pageLoadStrategy: normal, platform: WINDOWS, platformName: WINDOWS, proxy: Proxy(), setWindowRect: true, strictFileInteractability: false, timeouts: {implicit: 0, pageLoad: 300000, script: 30000}, unhandledPromptBehavior: dismiss and notify}
Session ID: 3e694134910fd57b74af1e936f2158a8
	at sun.reflect.NativeConstructorAccessorImpl.newInstance0(Native Method)
	at sun.reflect.NativeConstructorAccessorImpl.newInstance(NativeConstructorAccessorImpl.java:62)
	at sun.reflect.DelegatingConstructorAccessorImpl.newInstance(DelegatingConstructorAccessorImpl.java:45)
	at java.lang.reflect.Constructor.newInstance(Constructor.java:423)
	at org.openqa.selenium.remote.http.W3CHttpResponseCodec.createException(W3CHttpResponseCodec.java:187)
	at org.openqa.selenium.remote.http.W3CHttpResponseCodec.decode(W3CHttpResponseCodec.java:122)
	at org.openqa.selenium.remote.http.W3CHttpResponseCodec.decode(W3CHttpResponseCodec.java:49)
	at org.openqa.selenium.remote.HttpCommandExecutor.execute(HttpCommandExecutor.java:158)
	at org.openqa.selenium.remote.service.DriverCommandExecutor.execute(DriverCommandExecutor.java:83)
	at org.openqa.selenium.remote.RemoteWebDriver.execute(RemoteWebDriver.java:552)
	at org.openqa.selenium.remote.RemoteWebDriver.execute(RemoteWebDriver.java:609)
	at org.openqa.selenium.remote.RemoteWebDriver$RemoteWebDriverOptions.deleteAllCookies(RemoteWebDriver.java:694)
	at com.qa.ihm.base.Testbase.intilization(Testbase.java:57)
	at com.qa.ihm.tests.HomePageTest.setUp(HomePageTest.java:29)
	at sun.reflect.NativeMethodAccessorImpl.invoke0(Native Method)
	at sun.reflect.NativeMethodAccessorImpl.invoke(NativeMethodAccessorImpl.java:62)
	at sun.reflect.DelegatingMethodAccessorImpl.invoke(DelegatingMethodAccessorImpl.java:43)
	at java.lang.reflect.Method.invoke(Method.java:498)
	at org.testng.internal.MethodInvocationHelper.invokeMethod(MethodInvocationHelper.java:80)
	at org.testng.internal.Invoker.invokeConfigurationMethod(Invoker.java:564)
	at org.testng.internal.Invoker.invokeConfigurations(Invoker.java:213)
	at org.testng.internal.Invoker.invokeMethod(Invoker.java:653)
	at org.testng.internal.Invoker.invokeTestMethod(Invoker.java:901)
	at org.testng.internal.Invoker.invokeTestMethods(Invoker.java:1231)
	at org.testng.internal.TestMethodWorker.invokeTestMethods(TestMethodWorker.java:127)
	at org.testng.internal.TestMethodWorker.run(TestMethodWorker.java:111)
	at org.testng.TestRunner.privateRun(TestRunner.java:767)
	at org.testng.TestRunner.run(TestRunner.java:617)
	at org.testng.SuiteRunner.runTest(SuiteRunner.java:334)
	at org.testng.SuiteRunner.runSequentially(SuiteRunner.java:329)
	at org.testng.SuiteRunner.privateRun(SuiteRunner.java:291)
	at org.testng.SuiteRunner.run(SuiteRunner.java:240)
	at org.testng.SuiteRunnerWorker.runSuite(SuiteRunnerWorker.java:52)
	at org.testng.SuiteRunnerWorker.run(SuiteRunnerWorker.java:86)
	at org.testng.TestNG.runSuitesSequentially(TestNG.java:1198)
	at org.testng.TestNG.runSuitesLocally(TestNG.java:1123)
	at org.testng.TestNG.run(TestNG.java:1031)
	at org.testng.remote.AbstractRemoteTestNG.run(AbstractRemoteTestNG.java:114)
	at org.testng.remote.RemoteTestNG.initAndRun(RemoteTestNG.java:251)
	at org.testng.remote.RemoteTestNG.main(RemoteTestNG.java:77)
]]>
            </full-stacktrace>
          </exception> <!-- org.openqa.selenium.WebDriverException -->
          <reporter-output>
          </reporter-output>
        </test-method> <!-- setUp -->
        <test-method status="SKIP" signature="findrentbtnTest()[pri:0, instance:com.qa.ihm.tests.HomePageTest@2ed0fbae]" name="findrentbtnTest" duration-ms="2" started-at="2020-01-29T15:09:22Z" finished-at="2020-01-29T15:09:22Z">
          <reporter-output>
          </reporter-output>
        </test-method> <!-- findrentbtnTest -->
        <test-method status="SKIP" signature="TearDown()[pri:0, instance:com.qa.ihm.tests.HomePageTest@2ed0fbae]" name="TearDown" is-config="true" duration-ms="0" started-at="2020-01-29T15:09:22Z" finished-at="2020-01-29T15:09:22Z">
          <reporter-output>
          </reporter-output>
        </test-method> <!-- TearDown -->
        <test-method status="SKIP" signature="setUp()[pri:0, instance:com.qa.ihm.tests.HomePageTest@2ed0fbae]" name="setUp" is-config="true" duration-ms="0" started-at="2020-01-29T15:09:22Z" finished-at="2020-01-29T15:09:22Z">
          <reporter-output>
          </reporter-output>
        </test-method> <!-- setUp -->
        <test-method status="SKIP" signature="rebtbtnclickTest()[pri:0, instance:com.qa.ihm.tests.HomePageTest@2ed0fbae]" name="rebtbtnclickTest" duration-ms="2" started-at="2020-01-29T15:09:22Z" finished-at="2020-01-29T15:09:22Z">
          <reporter-output>
          </reporter-output>
        </test-method> <!-- rebtbtnclickTest -->
        <test-method status="SKIP" signature="TearDown()[pri:0, instance:com.qa.ihm.tests.HomePageTest@2ed0fbae]" name="TearDown" is-config="true" duration-ms="0" started-at="2020-01-29T15:09:22Z" finished-at="2020-01-29T15:09:22Z">
          <reporter-output>
          </reporter-output>
        </test-method> <!-- TearDown -->
        <test-method status="SKIP" signature="setUp()[pri:0, instance:com.qa.ihm.tests.HomePageTest@2ed0fbae]" name="setUp" is-config="true" duration-ms="0" started-at="2020-01-29T15:09:22Z" finished-at="2020-01-29T15:09:22Z">
          <reporter-output>
          </reporter-output>
        </test-method> <!-- setUp -->
        <test-method status="SKIP" signature="continuebtnclickTest()[pri:0, instance:com.qa.ihm.tests.HomePageTest@2ed0fbae]" name="continuebtnclickTest" duration-ms="1" started-at="2020-01-29T15:09:22Z" finished-at="2020-01-29T15:09:22Z">
          <reporter-output>
          </reporter-output>
        </test-method> <!-- continuebtnclickTest -->
        <test-method status="SKIP" signature="TearDown()[pri:0, instance:com.qa.ihm.tests.HomePageTest@2ed0fbae]" name="TearDown" is-config="true" duration-ms="0" started-at="2020-01-29T15:09:22Z" finished-at="2020-01-29T15:09:22Z">
          <reporter-output>
          </reporter-output>
        </test-method> <!-- TearDown -->
        <test-method status="SKIP" signature="setUp()[pri:0, instance:com.qa.ihm.tests.HomePageTest@2ed0fbae]" name="setUp" is-config="true" duration-ms="0" started-at="2020-01-29T15:09:22Z" finished-at="2020-01-29T15:09:22Z">
          <reporter-output>
          </reporter-output>
        </test-method> <!-- setUp -->
        <test-method status="SKIP" signature="selllinkTest()[pri:0, instance:com.qa.ihm.tests.HomePageTest@2ed0fbae]" name="selllinkTest" duration-ms="1" started-at="2020-01-29T15:09:22Z" finished-at="2020-01-29T15:09:22Z">
          <reporter-output>
          </reporter-output>
        </test-method> <!-- selllinkTest -->
        <test-method status="SKIP" signature="TearDown()[pri:0, instance:com.qa.ihm.tests.HomePageTest@2ed0fbae]" name="TearDown" is-config="true" duration-ms="0" started-at="2020-01-29T15:09:22Z" finished-at="2020-01-29T15:09:22Z">
          <reporter-output>
          </reporter-output>
        </test-method> <!-- TearDown -->
      </class> <!-- com.qa.ihm.tests.HomePageTest -->
    </test> <!--  InstantHome Regression suite  -->
  </suite> <!-- Instant Home test automation suite -->
</testng-results>
